0 info it worked if it ends with ok
1 verbose cli [ '/usr/local/bin/node', '/usr/local/bin/npm', 'publish' ]
2 info using npm@2.10.1
3 info using node@v0.12.4
4 verbose publish [ '.' ]
5 silly cache add args [ '.', null ]
6 verbose cache add spec .
7 silly cache add parsed spec { raw: '.',
7 silly cache add   scope: null,
7 silly cache add   name: null,
7 silly cache add   rawSpec: '.',
7 silly cache add   spec: '/Users/markmuskardin/code/javascript/youtube-autocomplete-component',
7 silly cache add   type: 'directory' }
8 verbose addLocalDirectory /Users/markmuskardin/.npm/youtube-autocomplete/1.0.5/package.tgz not in flight; packing
9 verbose tar pack [ '/Users/markmuskardin/.npm/youtube-autocomplete/1.0.5/package.tgz',
9 verbose tar pack   '/Users/markmuskardin/code/javascript/youtube-autocomplete-component' ]
10 verbose tarball /Users/markmuskardin/.npm/youtube-autocomplete/1.0.5/package.tgz
11 verbose folder /Users/markmuskardin/code/javascript/youtube-autocomplete-component
12 info prepublish youtube-autocomplete@1.0.5
13 verbose unsafe-perm in lifecycle true
14 verbose addLocalTarball adding from inside cache /Users/markmuskardin/.npm/youtube-autocomplete/1.0.5/package.tgz
15 silly cache afterAdd youtube-autocomplete@1.0.5
16 verbose afterAdd /Users/markmuskardin/.npm/youtube-autocomplete/1.0.5/package/package.json not in flight; writing
17 verbose afterAdd /Users/markmuskardin/.npm/youtube-autocomplete/1.0.5/package/package.json written
18 silly publish { name: 'youtube-autocomplete',
18 silly publish   version: '1.0.5',
18 silly publish   description: 'A React.js Youtube autocomplete component',
18 silly publish   main: 'dist/index.js',
18 silly publish   scripts:
18 silly publish    { compile: 'babel -d lib/ src/',
18 silly publish      prepublish: 'npm run compile',
18 silly publish      test: 'npm test' },
18 silly publish   repository:
18 silly publish    { type: 'git',
18 silly publish      url: 'git+ssh://git@github.com/hackingbeauty/youtube-autocomplete.git' },
18 silly publish   keywords: [ 'react.js', 'youtube', 'autocomplete', 'react-component' ],
18 silly publish   author: { name: 'Mark M. Muskardin' },
18 silly publish   license: 'MIT',
18 silly publish   bugs: { url: 'https://github.com/hackingbeauty/youtube-autocomplete/issues' },
18 silly publish   homepage: 'https://github.com/hackingbeauty/youtube-autocomplete#readme',
18 silly publish   devDependencies: { gulp: '^3.9.0', 'gulp-babel': '^5.2.0' },
18 silly publish   dependencies:
18 silly publish    { jquery: '^2.1.4',
18 silly publish      react: '^0.13.3',
18 silly publish      'react-typeahead-component': '^0.7.0' },
18 silly publish   readme: 'Use this module if you want to quickly embed a Youtube search box in your application.',
18 silly publish   readmeFilename: 'README.md',
18 silly publish   gitHead: 'c81e07d36cede1033bd6298d650ff209051f86b9',
18 silly publish   _id: 'youtube-autocomplete@1.0.5',
18 silly publish   _shasum: 'e5e8df780c04de4ce423dc13986befe9769d65c3',
18 silly publish   _from: '.' }
19 verbose getPublishConfig undefined
20 silly mapToRegistry name youtube-autocomplete
21 silly mapToRegistry using default registry
22 silly mapToRegistry registry https://registry.npmjs.org/
23 silly mapToRegistry uri https://registry.npmjs.org/youtube-autocomplete
24 verbose publish registryBase https://registry.npmjs.org/
25 silly publish uploading /Users/markmuskardin/.npm/youtube-autocomplete/1.0.5/package.tgz
26 verbose request uri https://registry.npmjs.org/youtube-autocomplete
27 verbose request sending authorization for write operation
28 info attempt registry request try #1 at 7:46:44 PM
29 verbose request using bearer token for auth
30 verbose request id 9ed8248262f3bd18
31 http request PUT https://registry.npmjs.org/youtube-autocomplete
32 http 403 https://registry.npmjs.org/youtube-autocomplete
33 verbose headers { 'content-type': 'application/json',
33 verbose headers   'cache-control': 'max-age=60',
33 verbose headers   'content-length': '95',
33 verbose headers   'accept-ranges': 'bytes',
33 verbose headers   date: 'Fri, 07 Aug 2015 02:46:46 GMT',
33 verbose headers   via: '1.1 varnish',
33 verbose headers   connection: 'keep-alive',
33 verbose headers   'x-served-by': 'cache-dfw1830-DFW',
33 verbose headers   'x-cache': 'MISS',
33 verbose headers   'x-cache-hits': '0',
33 verbose headers   'x-timer': 'S1438915605.241262,VS0,VE798' }
34 verbose request invalidating /Users/markmuskardin/.npm/registry.npmjs.org/youtube-autocomplete on PUT
35 error publish Failed PUT 403
36 verbose stack Error: "You cannot publish over the previously published version 1.0.5." : youtube-autocomplete
36 verbose stack     at CachingRegistryClient.<anonymous> (/usr/local/lib/node_modules/npm/node_modules/npm-registry-client/lib/request.js:247:14)
36 verbose stack     at Request._callback (/usr/local/lib/node_modules/npm/node_modules/npm-registry-client/lib/request.js:170:14)
36 verbose stack     at Request.self.callback (/usr/local/lib/node_modules/npm/node_modules/request/request.js:368:22)
36 verbose stack     at Request.emit (events.js:110:17)
36 verbose stack     at Request.<anonymous> (/usr/local/lib/node_modules/npm/node_modules/request/request.js:1219:14)
36 verbose stack     at Request.emit (events.js:129:20)
36 verbose stack     at IncomingMessage.<anonymous> (/usr/local/lib/node_modules/npm/node_modules/request/request.js:1167:12)
36 verbose stack     at IncomingMessage.emit (events.js:129:20)
36 verbose stack     at _stream_readable.js:908:16
36 verbose stack     at process._tickCallback (node.js:355:11)
37 verbose statusCode 403
38 verbose pkgid youtube-autocomplete
39 verbose cwd /Users/markmuskardin/code/javascript/youtube-autocomplete-component
40 error Darwin 13.4.0
41 error argv "/usr/local/bin/node" "/usr/local/bin/npm" "publish"
42 error node v0.12.4
43 error npm  v2.10.1
44 error code E403
45 error "You cannot publish over the previously published version 1.0.5." : youtube-autocomplete
46 error If you need help, you may report this error at:
46 error     <https://github.com/npm/npm/issues>
47 verbose exit [ 1, true ]
